2022-02-15 13:49:32.147  INFO 17216 --- [restartedMain] c.j.petclinic.PetClinicApplication       : Starting PetClinicApplication using Java 11.0.14 on DESKTOP-UEOUS3S with PID 17216 (C:\Users\YunusKaya\IdeaProjects\petclinic\target\classes started by YunusKaya in C:\Users\YunusKaya\IdeaProjects\petclinic)
2022-02-15 13:49:32.157  INFO 17216 --- [restartedMain] c.j.petclinic.PetClinicApplication       : No active profile set, falling back to default profiles: default
2022-02-15 13:49:32.492  INFO 17216 --- [restartedMain] o.s.b.w.embedded.tomcat.TomcatWebServer  : Tomcat initialized with port(s): 8080 (http)
2022-02-15 13:49:32.503  INFO 17216 --- [restartedMain] o.apache.catalina.core.StandardService   : Starting service [Tomcat]
2022-02-15 13:49:32.503  INFO 17216 --- [restartedMain] org.apache.catalina.core.StandardEngine  : Starting Servlet engine: [Apache Tomcat/9.0.56]
2022-02-15 13:49:32.547  INFO 17216 --- [restartedMain] org.apache.jasper.servlet.TldScanner     : At least one JAR was scanned for TLDs yet contained no TLDs. Enable debug logging for this logger for a complete list of JARs that were scanned but no TLDs were found in them. Skipping unneeded JARs during scanning can improve startup time and JSP compilation time.
2022-02-15 13:49:32.552  INFO 17216 --- [restartedMain] o.a.c.c.C.[Tomcat].[localhost].[/]       : Initializing Spring embedded WebApplicationContext
2022-02-15 13:49:32.552  INFO 17216 --- [restartedMain] w.s.c.ServletWebServerApplicationContext : Root WebApplicationContext: initialization completed in 395 ms
2022-02-15 13:49:32.567  INFO 17216 --- [restartedMain] com.zaxxer.hikari.HikariDataSource       : HikariPool-2 - Starting...
2022-02-15 13:49:32.567  INFO 17216 --- [restartedMain] com.zaxxer.hikari.HikariDataSource       : HikariPool-2 - Start completed.
2022-02-15 13:49:32.567  INFO 17216 --- [restartedMain] o.s.b.a.h2.H2ConsoleAutoConfiguration    : H2 console available at '/h2-console'. Database available at 'jdbc:h2:mem:testdb'
2022-02-15 13:49:32.587 DEBUG 17216 --- [restartedMain] o.s.jdbc.datasource.DataSourceUtils      : Fetching JDBC Connection from DataSource
2022-02-15 13:49:32.587 DEBUG 17216 --- [restartedMain] o.s.jdbc.datasource.DataSourceUtils      : Fetching JDBC Connection from DataSource
2022-02-15 13:49:32.587 DEBUG 17216 --- [restartedMain] o.s.jdbc.datasource.init.ScriptUtils     : Executing SQL script from URL [file:/C:/Users/YunusKaya/IdeaProjects/petclinic/target/classes/schema.sql]
2022-02-15 13:49:32.587 DEBUG 17216 --- [restartedMain] o.s.jdbc.datasource.init.ScriptUtils     : 0 returned as update count for SQL: create table public.t_owner( id bigint not null, first_name varchar(255), last_name varchar(255) )
2022-02-15 13:49:32.587 DEBUG 17216 --- [restartedMain] o.s.jdbc.datasource.init.ScriptUtils     : 0 returned as update count for SQL: create table public.t_pet( id bigint not null, name varchar(255), birth_date date, owner_id bigint )
2022-02-15 13:49:32.587 DEBUG 17216 --- [restartedMain] o.s.jdbc.datasource.init.ScriptUtils     : 0 returned as update count for SQL: alter table public.t_owner add constraint public.constraint_1 primary key(id)
2022-02-15 13:49:32.587 DEBUG 17216 --- [restartedMain] o.s.jdbc.datasource.init.ScriptUtils     : 0 returned as update count for SQL: alter table public.t_pet add constraint public.constraint_2 primary key(id)
2022-02-15 13:49:32.597 DEBUG 17216 --- [restartedMain] o.s.jdbc.datasource.init.ScriptUtils     : 0 returned as update count for SQL: alter table public.t_pet add constraint public.constraint_3 foreign key(owner_id) references public.t_owner(id)
2022-02-15 13:49:32.597 DEBUG 17216 --- [restartedMain] o.s.jdbc.datasource.init.ScriptUtils     : 0 returned as update count for SQL: create sequence public.petclinic_sequence start with 100
2022-02-15 13:49:32.597 DEBUG 17216 --- [restartedMain] o.s.jdbc.datasource.init.ScriptUtils     : Executed SQL script from URL [file:/C:/Users/YunusKaya/IdeaProjects/petclinic/target/classes/schema.sql] in 10 ms.
2022-02-15 13:49:32.597 DEBUG 17216 --- [restartedMain] o.s.jdbc.datasource.DataSourceUtils      : Fetching JDBC Connection from DataSource
2022-02-15 13:49:32.597 DEBUG 17216 --- [restartedMain] o.s.jdbc.datasource.DataSourceUtils      : Fetching JDBC Connection from DataSource
2022-02-15 13:49:32.597 DEBUG 17216 --- [restartedMain] o.s.jdbc.datasource.init.ScriptUtils     : Executing SQL script from URL [file:/C:/Users/YunusKaya/IdeaProjects/petclinic/target/classes/data.sql]
2022-02-15 13:49:32.597 DEBUG 17216 --- [restartedMain] o.s.jdbc.datasource.init.ScriptUtils     : 1 returned as update count for SQL: INSERT INTO t_owner (id,first_name,last_name) VALUES (1, 'Ziya', 'Ferit')
2022-02-15 13:49:32.597 DEBUG 17216 --- [restartedMain] o.s.jdbc.datasource.init.ScriptUtils     : 1 returned as update count for SQL: INSERT INTO t_owner (id,first_name,last_name) VALUES (2, 'Beşir', 'Dal')
2022-02-15 13:49:32.597 DEBUG 17216 --- [restartedMain] o.s.jdbc.datasource.init.ScriptUtils     : 1 returned as update count for SQL: INSERT INTO t_owner (id,first_name,last_name) VALUES (3, 'Eda', 'Rize')
2022-02-15 13:49:32.597 DEBUG 17216 --- [restartedMain] o.s.jdbc.datasource.init.ScriptUtils     : 1 returned as update count for SQL: INSERT INTO t_owner (id,first_name,last_name) VALUES (4, 'Hadi', 'Duru')
2022-02-15 13:49:32.597 DEBUG 17216 --- [restartedMain] o.s.jdbc.datasource.init.ScriptUtils     : 1 returned as update count for SQL: INSERT INTO t_owner (id,first_name,last_name) VALUES (5, 'Pınar', 'Mus')
2022-02-15 13:49:32.597 DEBUG 17216 --- [restartedMain] o.s.jdbc.datasource.init.ScriptUtils     : 1 returned as update count for SQL: INSERT INTO t_owner (id,first_name,last_name) VALUES (6, 'Çiğdem', 'Su')
2022-02-15 13:49:32.597 DEBUG 17216 --- [restartedMain] o.s.jdbc.datasource.init.ScriptUtils     : 1 returned as update count for SQL: INSERT INTO t_owner (id,first_name,last_name) VALUES (7, 'Aslı', 'Zor')
2022-02-15 13:49:32.597 DEBUG 17216 --- [restartedMain] o.s.jdbc.datasource.init.ScriptUtils     : 1 returned as update count for SQL: INSERT INTO t_owner (id,first_name,last_name) VALUES (8, 'Murat', 'Eski')
2022-02-15 13:49:32.597 DEBUG 17216 --- [restartedMain] o.s.jdbc.datasource.init.ScriptUtils     : 1 returned as update count for SQL: INSERT INTO t_owner (id,first_name,last_name) VALUES (9, 'Davut', 'Saz')
2022-02-15 13:49:32.597 DEBUG 17216 --- [restartedMain] o.s.jdbc.datasource.init.ScriptUtils     : 1 returned as update count for SQL: INSERT INTO t_owner (id,first_name,last_name) VALUES (10, 'Kadir', 'Mutlu')
2022-02-15 13:49:32.597 DEBUG 17216 --- [restartedMain] o.s.jdbc.datasource.init.ScriptUtils     : 1 returned as update count for SQL: INSERT INTO t_pet (id,name,birth_date,owner_id) VALUES (1, 'Maviş', '2005-09-07', 1)
2022-02-15 13:49:32.597 DEBUG 17216 --- [restartedMain] o.s.jdbc.datasource.init.ScriptUtils     : 1 returned as update count for SQL: INSERT INTO t_pet (id,name,birth_date,owner_id) VALUES (2, 'Donetello', '2008-08-06', 1)
2022-02-15 13:49:32.597 DEBUG 17216 --- [restartedMain] o.s.jdbc.datasource.init.ScriptUtils     : 1 returned as update count for SQL: INSERT INTO t_pet (id,name,birth_date,owner_id) VALUES (3, 'Karabaş', '2001-04-17', 1)
2022-02-15 13:49:32.597 DEBUG 17216 --- [restartedMain] o.s.jdbc.datasource.init.ScriptUtils     : 1 returned as update count for SQL: INSERT INTO t_pet (id,name,birth_date,owner_id) VALUES (4, 'Joe', '2009-03-07', 2)
2022-02-15 13:49:32.605 DEBUG 17216 --- [restartedMain] o.s.jdbc.datasource.init.ScriptUtils     : 1 returned as update count for SQL: INSERT INTO t_pet (id,name,birth_date,owner_id) VALUES (5, 'Canavar', '2010-11-30', 2)
2022-02-15 13:49:32.605 DEBUG 17216 --- [restartedMain] o.s.jdbc.datasource.init.ScriptUtils     : 1 returned as update count for SQL: INSERT INTO t_pet (id,name,birth_date,owner_id) VALUES (6, 'Tatlım', '2010-01-20', 3)
2022-02-15 13:49:32.605 DEBUG 17216 --- [restartedMain] o.s.jdbc.datasource.init.ScriptUtils     : 1 returned as update count for SQL: INSERT INTO t_pet (id,name,birth_date,owner_id) VALUES (7, 'Samanta', '2008-09-04', 5)
2022-02-15 13:49:32.605 DEBUG 17216 --- [restartedMain] o.s.jdbc.datasource.init.ScriptUtils     : 1 returned as update count for SQL: INSERT INTO t_pet (id,name,birth_date,owner_id) VALUES (8, 'Boncuk', '2008-09-04', 5)
2022-02-15 13:49:32.607 DEBUG 17216 --- [restartedMain] o.s.jdbc.datasource.init.ScriptUtils     : 1 returned as update count for SQL: INSERT INTO t_pet (id,name,birth_date,owner_id) VALUES (9, 'Şanslı', '2007-08-06', 5)
2022-02-15 13:49:32.607 DEBUG 17216 --- [restartedMain] o.s.jdbc.datasource.init.ScriptUtils     : 1 returned as update count for SQL: INSERT INTO t_pet (id,name,birth_date,owner_id) VALUES (10, 'Karaburun', '2009-02-24', 6)
2022-02-15 13:49:32.607 DEBUG 17216 --- [restartedMain] o.s.jdbc.datasource.init.ScriptUtils     : 1 returned as update count for SQL: INSERT INTO t_pet (id,name,birth_date,owner_id) VALUES (11, 'Twetty', '2000-03-09', 7)
2022-02-15 13:49:32.607 DEBUG 17216 --- [restartedMain] o.s.jdbc.datasource.init.ScriptUtils     : 1 returned as update count for SQL: INSERT INTO t_pet (id,name,birth_date,owner_id) VALUES (12, 'Tarçın', '2000-06-24', 8)
2022-02-15 13:49:32.607 DEBUG 17216 --- [restartedMain] o.s.jdbc.datasource.init.ScriptUtils     : 1 returned as update count for SQL: INSERT INTO t_pet (id,name,birth_date,owner_id) VALUES (13, 'Sarı', '2002-06-08', 9)
2022-02-15 13:49:32.607 DEBUG 17216 --- [restartedMain] o.s.jdbc.datasource.init.ScriptUtils     : Executed SQL script from URL [file:/C:/Users/YunusKaya/IdeaProjects/petclinic/target/classes/data.sql] in 10 ms.
2022-02-15 13:49:32.657  INFO 17216 --- [restartedMain] o.s.b.a.w.s.WelcomePageHandlerMapping    : Adding welcome page: class path resource [public/index.html]
2022-02-15 13:49:32.737  INFO 17216 --- [restartedMain] o.s.b.d.a.OptionalLiveReloadServer       : LiveReload server is running on port 35729
2022-02-15 13:49:32.737  INFO 17216 --- [restartedMain] o.s.b.a.e.web.EndpointLinksResolver      : Exposing 1 endpoint(s) beneath base path '/actuator'
2022-02-15 13:49:32.754  INFO 17216 --- [restartedMain] o.s.b.w.embedded.tomcat.TomcatWebServer  : Tomcat started on port(s): 8080 (http) with context path ''
2022-02-15 13:49:32.762  INFO 17216 --- [restartedMain] c.j.petclinic.PetClinicApplication       : Started PetClinicApplication in 0.719 seconds (JVM running for 154.406)
2022-02-15 13:49:32.762  INFO 17216 --- [restartedMain] .ConditionEvaluationDeltaLoggingListener : Condition evaluation delta:


==========================
CONDITION EVALUATION DELTA
==========================


Positive matches:
-----------------

   LogFileWebEndpointAutoConfiguration#logFileWebEndpoint matched:
      - Log File found logging.file.name petclinic.log (LogFileWebEndpointAutoConfiguration.LogFileCondition)
      - @ConditionalOnMissingBean (types: org.springframework.boot.actuate.logging.LogFileWebEndpoint; SearchStrategy: all) did not find any beans (OnBeanCondition)


Negative matches:
-----------------

    None


Exclusions:
-----------

    None


Unconditional classes:
----------------------

    None



2022-02-15 13:49:32.967  INFO 17216 --- [http-nio-8080-exec-1] o.a.c.c.C.[Tomcat].[localhost].[/]       : Initializing Spring DispatcherServlet 'dispatcherServlet'
2022-02-15 13:49:32.967  INFO 17216 --- [http-nio-8080-exec-1] o.s.web.servlet.DispatcherServlet        : Initializing Servlet 'dispatcherServlet'
2022-02-15 13:49:32.967  INFO 17216 --- [http-nio-8080-exec-1] o.s.web.servlet.DispatcherServlet        : Completed initialization in 0 ms
2022-02-15 13:49:33.027  WARN 17216 --- [http-nio-8080-exec-1] .w.s.m.a.ResponseStatusExceptionResolver : Resolved [com.javaegitimleri.petclinic.exception.InternalServerException: java.lang.RuntimeException: testing rollback]
2022-02-15 13:51:23.218  WARN 17216 --- [SpringApplicationShutdownHook] o.s.b.f.support.DisposableBeanAdapter    : Invocation of destroy method failed on bean with name 'inMemoryDatabaseShutdownExecutor': org.h2.jdbc.JdbcSQLNonTransientConnectionException: Die Datenbank wurde bereits geschlossen (um das automatische Schliessen beim Stopp der VM zu deaktivieren, die Datenbank URL mit ";DB_CLOSE_ON_EXIT=FALSE" ergänzen)
Database is already closed (to disable automatic closing at VM shutdown, add ";DB_CLOSE_ON_EXIT=FALSE" to the db URL) [90121-200]
2022-02-15 13:51:23.218  INFO 17216 --- [SpringApplicationShutdownHook] com.zaxxer.hikari.HikariDataSource       : HikariPool-2 - Shutdown initiated...
2022-02-15 13:51:23.271  INFO 17216 --- [SpringApplicationShutdownHook] com.zaxxer.hikari.HikariDataSource       : HikariPool-2 - Shutdown completed.
